0 silly argv { _: [ 'run' ],
0 silly argv   lernaVersion: '3.16.4',
0 silly argv   '$0': 'node_modules/.bin/lerna',
0 silly argv   script: 'start' }
1 notice cli v3.16.4
2 verbose rootPath /Users/chadeubanks/Developer/Alto/1.0
3 info Executing command in 2 packages: "npm run start"
4 silly npmRunScript start [] sample-application
5 silly getExecOpts /Users/chadeubanks/Developer/Alto/1.0/packages/sample-application undefined
6 silly npmRunScript start [] SampleUIControls
7 silly getExecOpts /Users/chadeubanks/Developer/Alto/1.0/packages/sample-uicontrols undefined
8 error Error: Command failed: npm run start
8 error
8 error > SampleUIControls@0.1.0 start /Users/chadeubanks/Developer/Alto/1.0/packages/sample-uicontrols
8 error > PORT=4020 react-scripts start
8 error
8 error Starting the development server...
8 error
8 error Compiled successfully!
8 error
8 error You can now view SampleUIControls in the browser.
8 error
8 error   Local:            http://localhost:4020/
8 error   On Your Network:  http://10.0.0.38:4020/
8 error
8 error Note that the development build is not optimized.
8 error To create a production build, use yarn build.
8 error
8 error
8 error     at makeError (/Users/chadeubanks/Developer/Alto/1.0/node_modules/execa/index.js:174:9)
8 error     at Promise.all.then.arr (/Users/chadeubanks/Developer/Alto/1.0/node_modules/execa/index.js:278:16)
